<?xml version="1.0" encoding="UTF-8"?>
<!-- Generated by org.testng.reporters.JUnitXMLReporter -->
<testsuite ignored="2" hostname="LAPTOP-CQ86O74I" failures="0" tests="8" name="Test" time="20.994" errors="0" timestamp="2023-02-15T21:43:20 IST">
  <testcase classname="test.LoginTest" name="verifyBuildTitleName" time="0.01"/>
  <testcase classname="test.LoginTest" name="verifyTitleOfLoginPage" time="1.065"/>
  <testcase classname="test.LoginTest" name="verifyCurrentUrlOfPage" time="0.005"/>
  <testcase classname="test.LoginTest" name="verifyLoginWithCorrectCredentials" time="5.243"/>
  <testcase classname="test.PIMTest" name="verifyPimPageTitle" time="2.594"/>
  <testcase classname="test.PIMTest" name="verifyEmpSearchEmpId" time="0.111"/>
  <testcase classname="test.PIMTest" name="TestIngChanges" time="0.001"/>
  <testcase classname="test.PIMTest" name="TestGit1" time="0.001"/>
  <testcase classname="test.BaseTest" name="@BeforeSuite initBrowser" time="0.0">
    <ignored/>
  </testcase> <!-- @BeforeSuite initBrowser -->
  <testcase classname="test.BaseTest" name="@AfterSuite logoutUser" time="0.0">
    <ignored/>
  </testcase> <!-- @AfterSuite logoutUser -->
</testsuite> <!-- Test -->
